
> portfolio-planner@0.1.0 start
> react-scripts start

Browserslist: browsers data (caniuse-lite) is 9 months old. Please run:
  npx update-browserslist-db@latest
  Why you should do it regularly: https://github.com/browserslist/update-db#readme
(node:84660) [DEP_WEBPACK_DEV_SERVER_ON_AFTER_SETUP_MIDDLEWARE] DeprecationWarning: 'onAfterSetupMiddleware' option is deprecated. Please use the 'setupMiddlewares' option.
(Use `node --trace-deprecation ...` to show where the warning was created)
(node:84660) [DEP_WEBPACK_DEV_SERVER_ON_BEFORE_SETUP_MIDDLEWARE] DeprecationWarning: 'onBeforeSetupMiddleware' option is deprecated. Please use the 'setupMiddlewares' option.
Starting the development server...

Compiled with warnings.

[eslint] 
src/components/collaboration/TradeIdeaCard.jsx
  Line 48:11:  'currentUser' is assigned a value but never used     no-unused-vars
  Line 98:9:   'updateMutation' is assigned a value but never used  no-unused-vars

src/components/schwab/SchwabPositionsView.jsx
  Line 8:48:   'Minimize2' is defined but never used                                                                                                                                                               no-unused-vars
  Line 8:59:   'Maximize2' is defined but never used                                                                                                                                                               no-unused-vars
  Line 65:5:   Expected a default case                                                                                                                                                                             default-case
  Line 191:9:  The 'accounts' logical expression could make the dependencies of useEffect Hook (at line 198) change on every render. To fix this, wrap the initialization of 'accounts' in its own useMemo() Hook  react-hooks/exhaustive-deps

src/components/settings/SchwabSettings.jsx
  Line 6:17:  'useState' is defined but never used  no-unused-vars

src/hooks/useWebSocket.js
  Line 4:31:  'useCallback' is defined but never used  no-unused-vars

Search for the keywords to learn more about each warning.
To ignore, add // eslint-disable-next-line to the line before.

WARNING in [eslint] 
src/components/collaboration/TradeIdeaCard.jsx
  Line 48:11:  'currentUser' is assigned a value but never used     no-unused-vars
  Line 98:9:   'updateMutation' is assigned a value but never used  no-unused-vars

src/components/schwab/SchwabPositionsView.jsx
  Line 8:48:   'Minimize2' is defined but never used                                                                                                                                                               no-unused-vars
  Line 8:59:   'Maximize2' is defined but never used                                                                                                                                                               no-unused-vars
  Line 65:5:   Expected a default case                                                                                                                                                                             default-case
  Line 191:9:  The 'accounts' logical expression could make the dependencies of useEffect Hook (at line 198) change on every render. To fix this, wrap the initialization of 'accounts' in its own useMemo() Hook  react-hooks/exhaustive-deps

src/components/settings/SchwabSettings.jsx
  Line 6:17:  'useState' is defined but never used  no-unused-vars

src/hooks/useWebSocket.js
  Line 4:31:  'useCallback' is defined but never used  no-unused-vars

webpack compiled with 1 warning
